<?xml version="1.0" encoding="UTF-8"?>
<testsuite name="Cucumber" time="5.651" tests="1" skipped="0" failures="0" errors="0">
<testcase classname="API Testing using Cucumber and REST Assured" name="Validate Authentication" time="5.519">
<system-out><![CDATA[
Given I have valid cridentails "postman" and "password".....................passed
When I have send authentication request.....................................passed
Then I should get success code 200..........................................passed
]]></system-out>
</testcase>
</testsuite>
